# JRE version: OpenJDK Runtime Environment (8.0_242-b01) (build 1.8.0_242-release-1644-b01)
# Java VM: OpenJDK 64-Bit Server VM (25.242-b01 mixed mode windows-amd64 compressed oops)
Heap:
 PSYoungGen      total 306688K, used 179857K [0x00000000d5580000, 0x00000000ecc80000, 0x0000000100000000)
  eden space 261120K, 62% used [0x00000000d5580000,0x00000000df479268,0x00000000e5480000)
  from space 45568K, 37% used [0x00000000e5480000,0x00000000e652b290,0x00000000e8100000)
  to   space 43008K, 0% used [0x00000000ea280000,0x00000000ea280000,0x00000000ecc80000)
 ParOldGen       total 195584K, used 91015K [0x0000000080000000, 0x000000008bf00000, 0x00000000d5580000)
  object space 195584K, 46% used [0x0000000080000000,0x00000000858e1c78,0x000000008bf00000)
 Metaspace       used 94170K, capacity 99024K, committed 99480K, reserved 1136640K
  class space    used 12247K, capacity 13112K, committed 13232K, reserved 1048576K
GC Heap History (10 events):
Event: 1185.571 GC heap before
{Heap before GC invocations=23 (full 3):
 PSYoungGen      total 228352K, used 215294K [0x00000000d5580000, 0x00000000e6e00000, 0x0000000100000000)
  eden space 199168K, 100% used [0x00000000d5580000,0x00000000e1800000,0x00000000e1800000)
  from space 29184K, 55% used [0x00000000e1800000,0x00000000e27bf980,0x00000000e3480000)
  to   space 29184K, 0% used [0x00000000e5180000,0x00000000e5180000,0x00000000e6e00000)
 ParOldGen       total 104960K, used 77738K [0x0000000080000000, 0x0000000086680000, 0x00000000d5580000)
  object space 104960K, 74% used [0x0000000080000000,0x0000000084bea818,0x0000000086680000)
 Metaspace       used 91173K, capacity 96076K, committed 96280K, reserved 1132544K
  class space    used 12135K, capacity 13058K, committed 13104K, reserved 1048576K
Event: 1185.604 GC heap after
Heap after GC invocations=23 (full 3):
 PSYoungGen      total 252928K, used 27666K [0x00000000d5580000, 0x00000000e7000000, 0x0000000100000000)
  eden space 223744K, 0% used [0x00000000d5580000,0x00000000d5580000,0x00000000e3000000)
  from space 29184K, 94% used [0x00000000e5180000,0x00000000e6c84bc0,0x00000000e6e00000)
  to   space 32768K, 0% used [0x00000000e3000000,0x00000000e3000000,0x00000000e5000000)
 ParOldGen       total 104960K, used 77746K [0x0000000080000000, 0x0000000086680000, 0x00000000d5580000)
  object space 104960K, 74% used [0x0000000080000000,0x0000000084bec818,0x0000000086680000)
 Metaspace       used 91173K, capacity 96076K, committed 96280K, reserved 1132544K
  class space    used 12135K, capacity 13058K, committed 13104K, reserved 1048576K
}
Event: 1187.865 GC heap before
{Heap before GC invocations=24 (full 3):
 PSYoungGen      total 252928K, used 251410K [0x00000000d5580000, 0x00000000e7000000, 0x0000000100000000)
  eden space 223744K, 100% used [0x00000000d5580000,0x00000000e3000000,0x00000000e3000000)
  from space 29184K, 94% used [0x00000000e5180000,0x00000000e6c84bc0,0x00000000e6e00000)
  to   space 32768K, 0% used [0x00000000e3000000,0x00000000e3000000,0x00000000e5000000)
 ParOldGen       total 104960K, used 77746K [0x0000000080000000, 0x0000000086680000, 0x00000000d5580000)
  object space 104960K, 74% used [0x0000000080000000,0x0000000084bec818,0x0000000086680000)
 Metaspace       used 92218K, capacity 97332K, committed 97432K, reserved 1134592K
  class space    used 12247K, capacity 13160K, committed 13232K, reserved 1048576K
Event: 1187.959 GC heap after
Heap after GC invocations=24 (full 3):
 PSYoungGen      total 256512K, used 32756K [0x00000000d5580000, 0x00000000eb000000, 0x0000000100000000)
  eden space 223744K, 0% used [0x00000000d5580000,0x00000000d5580000,0x00000000e3000000)
  from space 32768K, 99% used [0x00000000e3000000,0x00000000e4ffd3b0,0x00000000e5000000)
  to   space 47616K, 0% used [0x00000000e8180000,0x00000000e8180000,0x00000000eb000000)
 ParOldGen       total 104960K, used 103560K [0x0000000080000000, 0x0000000086680000, 0x00000000d5580000)
  object space 104960K, 98% used [0x0000000080000000,0x0000000086522288,0x0000000086680000)
 Metaspace       used 92218K, capacity 97332K, committed 97432K, reserved 1134592K
  class space    used 12247K, capacity 13160K, committed 13232K, reserved 1048576K
}
Event: 1187.959 GC heap before
{Heap before GC invocations=25 (full 4):
 PSYoungGen      total 256512K, used 32756K [0x00000000d5580000, 0x00000000eb000000, 0x0000000100000000)
  eden space 223744K, 0% used [0x00000000d5580000,0x00000000d5580000,0x00000000e3000000)
  from space 32768K, 99% used [0x00000000e3000000,0x00000000e4ffd3b0,0x00000000e5000000)
  to   space 47616K, 0% used [0x00000000e8180000,0x00000000e8180000,0x00000000eb000000)
 ParOldGen       total 104960K, used 103560K [0x0000000080000000, 0x0000000086680000, 0x00000000d5580000)
  object space 104960K, 98% used [0x0000000080000000,0x0000000086522288,0x0000000086680000)
 Metaspace       used 92218K, capacity 97332K, committed 97432K, reserved 1134592K
  class space    used 12247K, capacity 13160K, committed 13232K, reserved 1048576K
Event: 1188.810 GC heap after
Heap after GC invocations=25 (full 4):
 PSYoungGen      total 256512K, used 0K [0x00000000d5580000, 0x00000000eb000000, 0x0000000100000000)
  eden space 223744K, 0% used [0x00000000d5580000,0x00000000d5580000,0x00000000e3000000)
  from space 32768K, 0% used [0x00000000e3000000,0x00000000e3000000,0x00000000e5000000)
  to   space 47616K, 0% used [0x00000000e8180000,0x00000000e8180000,0x00000000eb000000)
 ParOldGen       total 195584K, used 90999K [0x0000000080000000, 0x000000008bf00000, 0x00000000d5580000)
  object space 195584K, 46% used [0x0000000080000000,0x00000000858ddc78,0x000000008bf00000)
 Metaspace       used 91959K, capacity 96588K, committed 97432K, reserved 1134592K
  class space    used 12163K, capacity 13012K, committed 13232K, reserved 1048576K
}
Event: 1197.322 GC heap before
{Heap before GC invocations=26 (full 4):
 PSYoungGen      total 256512K, used 223744K [0x00000000d5580000, 0x00000000eb000000, 0x0000000100000000)
  eden space 223744K, 100% used [0x00000000d5580000,0x00000000e3000000,0x00000000e3000000)
  from space 32768K, 0% used [0x00000000e3000000,0x00000000e3000000,0x00000000e5000000)
  to   space 47616K, 0% used [0x00000000e8180000,0x00000000e8180000,0x00000000eb000000)
 ParOldGen       total 195584K, used 90999K [0x0000000080000000, 0x000000008bf00000, 0x00000000d5580000)
  object space 195584K, 46% used [0x0000000080000000,0x00000000858ddc78,0x000000008bf00000)
 Metaspace       used 92773K, capacity 97376K, committed 98200K, reserved 1134592K
  class space    used 12212K, capacity 13052K, committed 13232K, reserved 1048576K
Event: 1197.369 GC heap after
Heap after GC invocations=26 (full 4):
 PSYoungGen      total 306176K, used 14292K [0x00000000d5580000, 0x00000000ead80000, 0x0000000100000000)
  eden space 261120K, 0% used [0x00000000d5580000,0x00000000d5580000,0x00000000e5480000)
  from space 45056K, 31% used [0x00000000e8180000,0x00000000e8f75018,0x00000000ead80000)
  to   space 45568K, 0% used [0x00000000e5480000,0x00000000e5480000,0x00000000e8100000)
 ParOldGen       total 195584K, used 91007K [0x0000000080000000, 0x000000008bf00000, 0x00000000d5580000)
  object space 195584K, 46% used [0x0000000080000000,0x00000000858dfc78,0x000000008bf00000)
 Metaspace       used 92773K, capacity 97376K, committed 98200K, reserved 1134592K
  class space    used 12212K, capacity 13052K, committed 13232K, reserved 1048576K
}
Event: 1311.770 GC heap before
{Heap before GC invocations=27 (full 4):
 PSYoungGen      total 306176K, used 275412K [0x00000000d5580000, 0x00000000ead80000, 0x0000000100000000)
  eden space 261120K, 100% used [0x00000000d5580000,0x00000000e5480000,0x00000000e5480000)
  from space 45056K, 31% used [0x00000000e8180000,0x00000000e8f75018,0x00000000ead80000)
  to   space 45568K, 0% used [0x00000000e5480000,0x00000000e5480000,0x00000000e8100000)
 ParOldGen       total 195584K, used 91007K [0x0000000080000000, 0x000000008bf00000, 0x00000000d5580000)
  object space 195584K, 46% used [0x0000000080000000,0x00000000858dfc78,0x000000008bf00000)
 Metaspace       used 93722K, capacity 98534K, committed 99224K, reserved 1134592K
  class space    used 12233K, capacity 13087K, committed 13232K, reserved 1048576K
Event: 1311.824 GC heap after
Heap after GC invocations=27 (full 4):
 PSYoungGen      total 306688K, used 17068K [0x00000000d5580000, 0x00000000ecc80000, 0x0000000100000000)
  eden space 261120K, 0% used [0x00000000d5580000,0x00000000d5580000,0x00000000e5480000)
  from space 45568K, 37% used [0x00000000e5480000,0x00000000e652b290,0x00000000e8100000)
  to   space 43008K, 0% used [0x00000000ea280000,0x00000000ea280000,0x00000000ecc80000)
 ParOldGen       total 195584K, used 91015K [0x0000000080000000, 0x000000008bf00000, 0x00000000d5580000)
  object space 195584K, 46% used [0x0000000080000000,0x00000000858e1c78,0x000000008bf00000)
 Metaspace       used 93722K, capacity 98534K, committed 99224K, reserved 1134592K
  class space    used 12233K, capacity 13087K, committed 13232K, reserved 1048576K
}

